2026-01-26 17:13:56,389 - INFO - Iniciando verificação pós-migração...
2026-01-26 17:13:56,389 - INFO - 
1. Verificando se usuários têm família...
2026-01-26 17:13:56,487 - INFO - Usuários: 9/13 com família
2026-01-26 17:13:56,487 - INFO - 
2. Verificando se usuários têm perfil...
2026-01-26 17:13:56,502 - INFO - Usuários: 9/13 com perfil
2026-01-26 17:13:56,502 - INFO - 
3. Verificando se dados médicos têm profile_id...
2026-01-26 17:13:56,506 - INFO - medical_exams: 2/3 com profile_id
2026-01-26 17:13:56,507 - INFO - 
4. Verificando integridade referencial...
2026-01-26 17:13:56,509 - INFO - Integridade referencial: ok
2026-01-26 17:13:56,509 - INFO - 
Verificação concluída!
2026-01-26 17:13:56,509 - WARNING - Verificação concluída com problemas - Verifique o relatório acima
2026-01-26 17:14:58,299 - INFO - Iniciando verificação pós-migração...
2026-01-26 17:14:58,299 - INFO - 
1. Verificando se usuários têm família...
2026-01-26 17:14:58,369 - INFO - Usuários: 9/13 com família
2026-01-26 17:14:58,369 - INFO - 
2. Verificando se usuários têm perfil...
2026-01-26 17:14:58,379 - INFO - Usuários: 9/13 com perfil
2026-01-26 17:14:58,379 - INFO - 
3. Verificando se dados médicos têm profile_id...
2026-01-26 17:14:58,379 - INFO - medical_exams: 2/3 com profile_id
2026-01-26 17:14:58,379 - INFO - 
4. Verificando integridade referencial...
2026-01-26 17:14:58,379 - INFO - Integridade referencial: ok
2026-01-26 17:14:58,389 - INFO - 
Verificação concluída!
2026-01-26 17:14:58,389 - WARNING - Verificação concluída com problemas - Verifique o relatório acima
2026-01-26 17:15:08,529 - INFO - Iniciando verificação pós-migração...
2026-01-26 17:15:08,532 - INFO - 
1. Verificando se usuários têm família...
2026-01-26 17:15:08,759 - INFO - Usuários: 13/13 com família
2026-01-26 17:15:08,759 - INFO - 
2. Verificando se usuários têm perfil...
2026-01-26 17:15:08,769 - INFO - Usuários: 13/13 com perfil
2026-01-26 17:15:08,769 - INFO - 
3. Verificando se dados médicos têm profile_id...
2026-01-26 17:15:08,779 - INFO - medical_exams: 3/3 com profile_id
2026-01-26 17:15:08,783 - INFO - 
4. Verificando integridade referencial...
2026-01-26 17:15:08,784 - INFO - Integridade referencial: ok
2026-01-26 17:15:08,784 - INFO - 
Verificação concluída!
2026-01-26 17:15:08,784 - INFO - Verificação concluída com sucesso - Todos os checks passaram!
2026-01-26 17:16:00,954 - INFO - Iniciando verificação pós-migração...
2026-01-26 17:16:00,954 - INFO - 
1. Verificando se usuários têm família...
2026-01-26 17:16:01,029 - INFO - Usuários: 13/13 com família
2026-01-26 17:16:01,029 - INFO - 
2. Verificando se usuários têm perfil...
2026-01-26 17:16:01,048 - INFO - Usuários: 13/13 com perfil
2026-01-26 17:16:01,048 - INFO - 
3. Verificando se dados médicos têm profile_id...
2026-01-26 17:16:01,048 - INFO - medical_exams: 3/3 com profile_id
2026-01-26 17:16:01,048 - INFO - 
4. Verificando integridade referencial...
2026-01-26 17:16:01,057 - INFO - Integridade referencial: ok
2026-01-26 17:16:01,057 - INFO - 
Verificação concluída!
2026-01-26 17:16:01,059 - INFO - Verificação concluída com sucesso - Todos os checks passaram!
